<?xml version="1.0" encoding="UTF-8"?>
<testsuite xmlns:xsi="http://www.w3.org/2001/XMLSchema-instance" xsi:noNamespaceSchemaLocation="https://maven.apache.org/surefire/maven-surefire-plugin/xsd/surefire-test-report.xsd" name="com.atguigu.gulimall.thirdparty.GulimallThirdPartyApplicationTests" time="19.887" tests="2" errors="0" skipped="0" failures="0">
  <properties>
    <property name="sun.desktop" value="windows"/>
    <property name="awt.toolkit" value="sun.awt.windows.WToolkit"/>
    <property name="file.encoding.pkg" value="sun.io"/>
    <property name="java.specification.version" value="1.8"/>
    <property name="sun.cpu.isalist" value="amd64"/>
    <property name="sun.jnu.encoding" value="GBK"/>
    <property name="java.class.path" value="C:\Users\Ken\Desktop\git2\gulimall\gulimall-third-party\target\test-classes;C:\Users\Ken\Desktop\git2\gulimall\gulimall-third-party\target\classes;C:\Users\Ken\.m2\repository\com\atguigu\gulimall\gulimall-common\0.0.1-SNAPSHOT\gulimall-common-0.0.1-SNAPSHOT.jar;C:\Users\Ken\.m2\repository\org\projectlombok\lombok\1.18.10\lombok-1.18.10.jar;C:\Users\Ken\.m2\repository\org\apache\httpcomponents\httpcore\4.4.12\httpcore-4.4.12.jar;C:\Users\Ken\.m2\repository\commons-lang\commons-lang\2.6\commons-lang-2.6.jar;C:\Users\Ken\.m2\repository\mysql\mysql-connector-java\8.0.18\mysql-connector-java-8.0.18.jar;C:\Users\Ken\.m2\repository\com\alibaba\cloud\spring-cloud-starter-alibaba-nacos-discovery\2.1.0.RELEASE\spring-cloud-starter-alibaba-nacos-discovery-2.1.0.RELEASE.jar;C:\Users\Ken\.m2\repository\com\alibaba\cloud\spring-cloud-alibaba-nacos-discovery\2.1.0.RELEASE\spring-cloud-alibaba-nacos-discovery-2.1.0.RELEASE.jar;C:\Users\Ken\.m2\repository\com\alibaba\nacos\nacos-client\1.1.1\nacos-client-1.1.1.jar;C:\Users\Ken\.m2\repository\com\alibaba\nacos\nacos-common\1.1.1\nacos-common-1.1.1.jar;C:\Users\Ken\.m2\repository\org\apache\commons\commons-lang3\3.9\commons-lang3-3.9.jar;C:\Users\Ken\.m2\repository\com\alibaba\nacos\nacos-api\1.1.1\nacos-api-1.1.1.jar;C:\Users\Ken\.m2\repository\io\prometheus\simpleclient\0.5.0\simpleclient-0.5.0.jar;C:\Users\Ken\.m2\repository\org\springframework\cloud\spring-cloud-starter-netflix-ribbon\2.1.3.RELEASE\spring-cloud-starter-netflix-ribbon-2.1.3.RELEASE.jar;C:\Users\Ken\.m2\repository\org\springframework\cloud\spring-cloud-starter-netflix-archaius\2.1.3.RELEASE\spring-cloud-starter-netflix-archaius-2.1.3.RELEASE.jar;C:\Users\Ken\.m2\repository\com\netflix\ribbon\ribbon\2.3.0\ribbon-2.3.0.jar;C:\Users\Ken\.m2\repository\com\netflix\ribbon\ribbon-transport\2.3.0\ribbon-transport-2.3.0.jar;C:\Users\Ken\.m2\repository\io\reactivex\rxnetty-contexts\0.4.9\rxnetty-contexts-0.4.9.jar;C:\Users\Ken\.m2\repository\io\reactivex\rxnetty-servo\0.4.9\rxnetty-servo-0.4.9.jar;C:\Users\Ken\.m2\repository\javax\inject\javax.inject\1\javax.inject-1.jar;C:\Users\Ken\.m2\repository\io\reactivex\rxnetty\0.4.9\rxnetty-0.4.9.jar;C:\Users\Ken\.m2\repository\com\netflix\ribbon\ribbon-core\2.3.0\ribbon-core-2.3.0.jar;C:\Users\Ken\.m2\repository\com\netflix\ribbon\ribbon-httpclient\2.3.0\ribbon-httpclient-2.3.0.jar;C:\Users\Ken\.m2\repository\commons-collections\commons-collections\3.2.2\commons-collections-3.2.2.jar;C:\Users\Ken\.m2\repository\com\sun\jersey\jersey-client\1.19.1\jersey-client-1.19.1.jar;C:\Users\Ken\.m2\repository\com\sun\jersey\jersey-core\1.19.1\jersey-core-1.19.1.jar;C:\Users\Ken\.m2\repository\javax\ws\rs\jsr311-api\1.1.1\jsr311-api-1.1.1.jar;C:\Users\Ken\.m2\repository\com\sun\jersey\contribs\jersey-apache-client4\1.19.1\jersey-apache-client4-1.19.1.jar;C:\Users\Ken\.m2\repository\com\netflix\servo\servo-core\0.12.21\servo-core-0.12.21.jar;C:\Users\Ken\.m2\repository\com\netflix\netflix-commons\netflix-commons-util\0.3.0\netflix-commons-util-0.3.0.jar;C:\Users\Ken\.m2\repository\com\netflix\ribbon\ribbon-loadbalancer\2.3.0\ribbon-loadbalancer-2.3.0.jar;C:\Users\Ken\.m2\repository\com\netflix\netflix-commons\netflix-statistics\0.1.1\netflix-statistics-0.1.1.jar;C:\Users\Ken\.m2\repository\com\alibaba\cloud\spring-cloud-starter-alibaba-nacos-config\2.1.0.RELEASE\spring-cloud-starter-alibaba-nacos-config-2.1.0.RELEASE.jar;C:\Users\Ken\.m2\repository\com\alibaba\cloud\spring-cloud-alibaba-nacos-config\2.1.0.RELEASE\spring-cloud-alibaba-nacos-config-2.1.0.RELEASE.jar;C:\Users\Ken\.m2\repository\javax\validation\validation-api\2.0.1.Final\validation-api-2.0.1.Final.jar;C:\Users\Ken\.m2\repository\com\alibaba\fastjson\1.2.15\fastjson-1.2.15.jar;C:\Users\Ken\.m2\repository\org\apache\httpcomponents\httpclient\4.5.10\httpclient-4.5.10.jar;C:\Users\Ken\.m2\repository\commons-codec\commons-codec\1.13\commons-codec-1.13.jar;C:\Users\Ken\.m2\repository\org\eclipse\jetty\jetty-util\9.4.22.v20191022\jetty-util-9.4.22.v20191022.jar;C:\Users\Ken\.m2\repository\org\springframework\boot\spring-boot-starter-web\2.2.1.RELEASE\spring-boot-starter-web-2.2.1.RELEASE.jar;C:\Users\Ken\.m2\repository\org\springframework\boot\spring-boot-starter\2.2.1.RELEASE\spring-boot-starter-2.2.1.RELEASE.jar;C:\Users\Ken\.m2\repository\org\springframework\boot\spring-boot\2.2.1.RELEASE\spring-boot-2.2.1.RELEASE.jar;C:\Users\Ken\.m2\repository\org\springframework\boot\spring-boot-autoconfigure\2.2.1.RELEASE\spring-boot-autoconfigure-2.2.1.RELEASE.jar;C:\Users\Ken\.m2\repository\org\springframework\boot\spring-boot-starter-logging\2.2.1.RELEASE\spring-boot-starter-logging-2.2.1.RELEASE.jar;C:\Users\Ken\.m2\repository\ch\qos\logback\logback-classic\1.2.3\logback-classic-1.2.3.jar;C:\Users\Ken\.m2\repository\ch\qos\logback\logback-core\1.2.3\logback-core-1.2.3.jar;C:\Users\Ken\.m2\repository\org\apache\logging\log4j\log4j-to-slf4j\2.12.1\log4j-to-slf4j-2.12.1.jar;C:\Users\Ken\.m2\repository\org\apache\logging\log4j\log4j-api\2.12.1\log4j-api-2.12.1.jar;C:\Users\Ken\.m2\repository\org\slf4j\jul-to-slf4j\1.7.29\jul-to-slf4j-1.7.29.jar;C:\Users\Ken\.m2\repository\jakarta\annotation\jakarta.annotation-api\1.3.5\jakarta.annotation-api-1.3.5.jar;C:\Users\Ken\.m2\repository\org\yaml\snakeyaml\1.25\snakeyaml-1.25.jar;C:\Users\Ken\.m2\repository\org\springframework\boot\spring-boot-starter-json\2.2.1.RELEASE\spring-boot-starter-json-2.2.1.RELEASE.jar;C:\Users\Ken\.m2\repository\com\fasterxml\jackson\core\jackson-databind\2.10.0\jackson-databind-2.10.0.jar;C:\Users\Ken\.m2\repository\com\fasterxml\jackson\core\jackson-annotations\2.10.0\jackson-annotations-2.10.0.jar;C:\Users\Ken\.m2\repository\com\fasterxml\jackson\core\jackson-core\2.10.0\jackson-core-2.10.0.jar;C:\Users\Ken\.m2\repository\com\fasterxml\jackson\datatype\jackson-datatype-jdk8\2.10.0\jackson-datatype-jdk8-2.10.0.jar;C:\Users\Ken\.m2\repository\com\fasterxml\jackson\datatype\jackson-datatype-jsr310\2.10.0\jackson-datatype-jsr310-2.10.0.jar;C:\Users\Ken\.m2\repository\com\fasterxml\jackson\module\jackson-module-parameter-names\2.10.0\jackson-module-parameter-names-2.10.0.jar;C:\Users\Ken\.m2\repository\org\springframework\boot\spring-boot-starter-tomcat\2.2.1.RELEASE\spring-boot-starter-tomcat-2.2.1.RELEASE.jar;C:\Users\Ken\.m2\repository\org\apache\tomcat\embed\tomcat-embed-core\9.0.27\tomcat-embed-core-9.0.27.jar;C:\Users\Ken\.m2\repository\org\apache\tomcat\embed\tomcat-embed-el\9.0.27\tomcat-embed-el-9.0.27.jar;C:\Users\Ken\.m2\repository\org\apache\tomcat\embed\tomcat-embed-websocket\9.0.27\tomcat-embed-websocket-9.0.27.jar;C:\Users\Ken\.m2\repository\org\springframework\boot\spring-boot-starter-validation\2.2.1.RELEASE\spring-boot-starter-validation-2.2.1.RELEASE.jar;C:\Users\Ken\.m2\repository\jakarta\validation\jakarta.validation-api\2.0.1\jakarta.validation-api-2.0.1.jar;C:\Users\Ken\.m2\repository\org\hibernate\validator\hibernate-validator\6.0.18.Final\hibernate-validator-6.0.18.Final.jar;C:\Users\Ken\.m2\repository\org\jboss\logging\jboss-logging\3.4.1.Final\jboss-logging-3.4.1.Final.jar;C:\Users\Ken\.m2\repository\com\fasterxml\classmate\1.5.1\classmate-1.5.1.jar;C:\Users\Ken\.m2\repository\org\springframework\spring-web\5.2.1.RELEASE\spring-web-5.2.1.RELEASE.jar;C:\Users\Ken\.m2\repository\org\springframework\spring-beans\5.2.1.RELEASE\spring-beans-5.2.1.RELEASE.jar;C:\Users\Ken\.m2\repository\org\springframework\spring-webmvc\5.2.1.RELEASE\spring-webmvc-5.2.1.RELEASE.jar;C:\Users\Ken\.m2\repository\org\springframework\spring-aop\5.2.1.RELEASE\spring-aop-5.2.1.RELEASE.jar;C:\Users\Ken\.m2\repository\org\springframework\spring-context\5.2.1.RELEASE\spring-context-5.2.1.RELEASE.jar;C:\Users\Ken\.m2\repository\org\springframework\spring-expression\5.2.1.RELEASE\spring-expression-5.2.1.RELEASE.jar;C:\Users\Ken\.m2\repository\org\springframework\cloud\spring-cloud-starter-openfeign\2.1.3.RELEASE\spring-cloud-starter-openfeign-2.1.3.RELEASE.jar;C:\Users\Ken\.m2\repository\org\springframework\cloud\spring-cloud-starter\2.1.3.RELEASE\spring-cloud-starter-2.1.3.RELEASE.jar;C:\Users\Ken\.m2\repository\org\springframework\cloud\spring-cloud-context\2.1.3.RELEASE\spring-cloud-context-2.1.3.RELEASE.jar;C:\Users\Ken\.m2\repository\org\springframework\security\spring-security-rsa\1.0.7.RELEASE\spring-security-rsa-1.0.7.RELEASE.jar;C:\Users\Ken\.m2\repository\org\bouncycastle\bcpkix-jdk15on\1.60\bcpkix-jdk15on-1.60.jar;C:\Users\Ken\.m2\repository\org\springframework\cloud\spring-cloud-openfeign-core\2.1.3.RELEASE\spring-cloud-openfeign-core-2.1.3.RELEASE.jar;C:\Users\Ken\.m2\repository\org\springframework\cloud\spring-cloud-netflix-ribbon\2.1.3.RELEASE\spring-cloud-netflix-ribbon-2.1.3.RELEASE.jar;C:\Users\Ken\.m2\repository\org\springframework\cloud\spring-cloud-netflix-archaius\2.1.3.RELEASE\spring-cloud-netflix-archaius-2.1.3.RELEASE.jar;C:\Users\Ken\.m2\repository\org\springframework\boot\spring-boot-starter-aop\2.2.1.RELEASE\spring-boot-starter-aop-2.2.1.RELEASE.jar;C:\Users\Ken\.m2\repository\org\aspectj\aspectjweaver\1.9.4\aspectjweaver-1.9.4.jar;C:\Users\Ken\.m2\repository\io\github\openfeign\form\feign-form-spring\3.8.0\feign-form-spring-3.8.0.jar;C:\Users\Ken\.m2\repository\io\github\openfeign\form\feign-form\3.8.0\feign-form-3.8.0.jar;C:\Users\Ken\.m2\repository\commons-fileupload\commons-fileupload\1.4\commons-fileupload-1.4.jar;C:\Users\Ken\.m2\repository\commons-io\commons-io\2.2\commons-io-2.2.jar;C:\Users\Ken\.m2\repository\org\springframework\cloud\spring-cloud-commons\2.1.3.RELEASE\spring-cloud-commons-2.1.3.RELEASE.jar;C:\Users\Ken\.m2\repository\org\springframework\security\spring-security-crypto\5.2.1.RELEASE\spring-security-crypto-5.2.1.RELEASE.jar;C:\Users\Ken\.m2\repository\io\github\openfeign\feign-core\10.2.3\feign-core-10.2.3.jar;C:\Users\Ken\.m2\repository\io\github\openfeign\feign-slf4j\10.2.3\feign-slf4j-10.2.3.jar;C:\Users\Ken\.m2\repository\io\github\openfeign\feign-hystrix\10.2.3\feign-hystrix-10.2.3.jar;C:\Users\Ken\.m2\repository\com\netflix\archaius\archaius-core\0.7.6\archaius-core-0.7.6.jar;C:\Users\Ken\.m2\repository\com\google\code\findbugs\jsr305\3.0.1\jsr305-3.0.1.jar;C:\Users\Ken\.m2\repository\commons-configuration\commons-configuration\1.8\commons-configuration-1.8.jar;C:\Users\Ken\.m2\repository\com\google\guava\guava\16.0\guava-16.0.jar;C:\Users\Ken\.m2\repository\com\netflix\hystrix\hystrix-core\1.5.18\hystrix-core-1.5.18.jar;C:\Users\Ken\.m2\repository\io\reactivex\rxjava\1.3.8\rxjava-1.3.8.jar;C:\Users\Ken\.m2\repository\org\hdrhistogram\HdrHistogram\2.1.9\HdrHistogram-2.1.9.jar;C:\Users\Ken\.m2\repository\com\alibaba\cloud\aliyun-oss-spring-boot-starter\1.0.0\aliyun-oss-spring-boot-starter-1.0.0.jar;C:\Users\Ken\.m2\repository\com\alibaba\cloud\aliyun-context-spring-boot-starter\1.0.0\aliyun-context-spring-boot-starter-1.0.0.jar;C:\Users\Ken\.m2\repository\com\alibaba\cloud\alicloud-context\1.0.5\alicloud-context-1.0.5.jar;C:\Users\Ken\.m2\repository\com\aliyun\aliyun-java-sdk-edas\2.44.0\aliyun-java-sdk-edas-2.44.0.jar;C:\Users\Ken\.m2\repository\com\aliyun\aliyun-java-sdk-core\4.4.5\aliyun-java-sdk-core-4.4.5.jar;C:\Users\Ken\.m2\repository\com\google\code\gson\gson\2.8.6\gson-2.8.6.jar;C:\Users\Ken\.m2\repository\commons-logging\commons-logging\1.2\commons-logging-1.2.jar;C:\Users\Ken\.m2\repository\javax\xml\bind\jaxb-api\2.3.1\jaxb-api-2.3.1.jar;C:\Users\Ken\.m2\repository\javax\activation\javax.activation-api\1.2.0\javax.activation-api-1.2.0.jar;C:\Users\Ken\.m2\repository\org\jacoco\org.jacoco.agent\0.8.3\org.jacoco.agent-0.8.3-runtime.jar;C:\Users\Ken\.m2\repository\org\ini4j\ini4j\0.5.4\ini4j-0.5.4.jar;C:\Users\Ken\.m2\repository\org\slf4j\slf4j-api\1.7.29\slf4j-api-1.7.29.jar;C:\Users\Ken\.m2\repository\org\springframework\boot\spring-boot-starter-test\2.2.1.RELEASE\spring-boot-starter-test-2.2.1.RELEASE.jar;C:\Users\Ken\.m2\repository\org\springframework\boot\spring-boot-test\2.2.1.RELEASE\spring-boot-test-2.2.1.RELEASE.jar;C:\Users\Ken\.m2\repository\org\springframework\boot\spring-boot-test-autoconfigure\2.2.1.RELEASE\spring-boot-test-autoconfigure-2.2.1.RELEASE.jar;C:\Users\Ken\.m2\repository\com\jayway\jsonpath\json-path\2.4.0\json-path-2.4.0.jar;C:\Users\Ken\.m2\repository\net\minidev\json-smart\2.3\json-smart-2.3.jar;C:\Users\Ken\.m2\repository\net\minidev\accessors-smart\1.2\accessors-smart-1.2.jar;C:\Users\Ken\.m2\repository\org\ow2\asm\asm\5.0.4\asm-5.0.4.jar;C:\Users\Ken\.m2\repository\jakarta\xml\bind\jakarta.xml.bind-api\2.3.2\jakarta.xml.bind-api-2.3.2.jar;C:\Users\Ken\.m2\repository\jakarta\activation\jakarta.activation-api\1.2.1\jakarta.activation-api-1.2.1.jar;C:\Users\Ken\.m2\repository\org\junit\jupiter\junit-jupiter\5.5.2\junit-jupiter-5.5.2.jar;C:\Users\Ken\.m2\repository\org\junit\jupiter\junit-jupiter-api\5.5.2\junit-jupiter-api-5.5.2.jar;C:\Users\Ken\.m2\repository\org\opentest4j\opentest4j\1.2.0\opentest4j-1.2.0.jar;C:\Users\Ken\.m2\repository\org\junit\platform\junit-platform-commons\1.5.2\junit-platform-commons-1.5.2.jar;C:\Users\Ken\.m2\repository\org\junit\jupiter\junit-jupiter-params\5.5.2\junit-jupiter-params-5.5.2.jar;C:\Users\Ken\.m2\repository\org\junit\jupiter\junit-jupiter-engine\5.5.2\junit-jupiter-engine-5.5.2.jar;C:\Users\Ken\.m2\repository\org\junit\vintage\junit-vintage-engine\5.5.2\junit-vintage-engine-5.5.2.jar;C:\Users\Ken\.m2\repository\org\apiguardian\apiguardian-api\1.1.0\apiguardian-api-1.1.0.jar;C:\Users\Ken\.m2\repository\org\junit\platform\junit-platform-engine\1.5.2\junit-platform-engine-1.5.2.jar;C:\Users\Ken\.m2\repository\junit\junit\4.12\junit-4.12.jar;C:\Users\Ken\.m2\repository\org\mockito\mockito-junit-jupiter\3.1.0\mockito-junit-jupiter-3.1.0.jar;C:\Users\Ken\.m2\repository\org\assertj\assertj-core\3.13.2\assertj-core-3.13.2.jar;C:\Users\Ken\.m2\repository\org\hamcrest\hamcrest\2.1\hamcrest-2.1.jar;C:\Users\Ken\.m2\repository\org\mockito\mockito-core\3.1.0\mockito-core-3.1.0.jar;C:\Users\Ken\.m2\repository\net\bytebuddy\byte-buddy\1.10.2\byte-buddy-1.10.2.jar;C:\Users\Ken\.m2\repository\net\bytebuddy\byte-buddy-agent\1.10.2\byte-buddy-agent-1.10.2.jar;C:\Users\Ken\.m2\repository\org\objenesis\objenesis\2.6\objenesis-2.6.jar;C:\Users\Ken\.m2\repository\org\skyscreamer\jsonassert\1.5.0\jsonassert-1.5.0.jar;C:\Users\Ken\.m2\repository\com\vaadin\external\google\android-json\0.0.20131108.vaadin1\android-json-0.0.20131108.vaadin1.jar;C:\Users\Ken\.m2\repository\org\springframework\spring-core\5.2.1.RELEASE\spring-core-5.2.1.RELEASE.jar;C:\Users\Ken\.m2\repository\org\springframework\spring-jcl\5.2.1.RELEASE\spring-jcl-5.2.1.RELEASE.jar;C:\Users\Ken\.m2\repository\org\springframework\spring-test\5.2.1.RELEASE\spring-test-5.2.1.RELEASE.jar;C:\Users\Ken\.m2\repository\org\xmlunit\xmlunit-core\2.6.3\xmlunit-core-2.6.3.jar;C:\Users\Ken\.m2\repository\com\aliyun\oss\aliyun-sdk-oss\3.5.0\aliyun-sdk-oss-3.5.0.jar;C:\Users\Ken\.m2\repository\org\codehaus\jettison\jettison\1.1\jettison-1.1.jar;C:\Users\Ken\.m2\repository\stax\stax-api\1.0.1\stax-api-1.0.1.jar;C:\Users\Ken\.m2\repository\com\aliyun\aliyun-java-sdk-ram\3.0.0\aliyun-java-sdk-ram-3.0.0.jar;C:\Users\Ken\.m2\repository\com\aliyun\aliyun-java-sdk-sts\3.0.0\aliyun-java-sdk-sts-3.0.0.jar;C:\Users\Ken\.m2\repository\com\aliyun\aliyun-java-sdk-ecs\4.2.0\aliyun-java-sdk-ecs-4.2.0.jar;C:\Users\Ken\.m2\repository\org\jdom\jdom\1.1\jdom-1.1.jar;C:\Users\Ken\.m2\repository\org\springframework\boot\spring-boot-configuration-processor\2.2.1.RELEASE\spring-boot-configuration-processor-2.2.1.RELEASE.jar;C:\Users\Ken\.m2\repository\com\alipay\sdk\alipay-sdk-java\4.9.28.ALL\alipay-sdk-java-4.9.28.ALL.jar;C:\Users\Ken\.m2\repository\org\bouncycastle\bcprov-jdk15on\1.62\bcprov-jdk15on-1.62.jar;"/>
    <property name="java.vm.vendor" value="Oracle Corporation"/>
    <property name="sun.arch.data.model" value="64"/>
    <property name="user.variant" value=""/>
    <property name="java.vendor.url" value="http://java.oracle.com/"/>
    <property name="user.timezone" value="America/New_York"/>
    <property name="java.vm.specification.version" value="1.8"/>
    <property name="os.name" value="Windows 10"/>
    <property name="user.country" value="US"/>
    <property name="sun.java.launcher" value="SUN_STANDARD"/>
    <property name="sun.boot.library.path" value="C:\Program Files\Java\jdk1.8.0_281\jre\bin"/>
    <property name="sun.java.command" value="C:\Users\Ken\AppData\Local\Temp\surefire8987642108409729058\surefirebooter2342253393356016849.jar C:\Users\Ken\AppData\Local\Temp\surefire8987642108409729058 2023-01-08T19-39-49_916-jvmRun1 surefire3845679544420160805tmp surefire_06461836737755795717tmp"/>
    <property name="surefire.test.class.path" value="C:\Users\Ken\Desktop\git2\gulimall\gulimall-third-party\target\test-classes;C:\Users\Ken\Desktop\git2\gulimall\gulimall-third-party\target\classes;C:\Users\Ken\.m2\repository\com\atguigu\gulimall\gulimall-common\0.0.1-SNAPSHOT\gulimall-common-0.0.1-SNAPSHOT.jar;C:\Users\Ken\.m2\repository\org\projectlombok\lombok\1.18.10\lombok-1.18.10.jar;C:\Users\Ken\.m2\repository\org\apache\httpcomponents\httpcore\4.4.12\httpcore-4.4.12.jar;C:\Users\Ken\.m2\repository\commons-lang\commons-lang\2.6\commons-lang-2.6.jar;C:\Users\Ken\.m2\repository\mysql\mysql-connector-java\8.0.18\mysql-connector-java-8.0.18.jar;C:\Users\Ken\.m2\repository\com\alibaba\cloud\spring-cloud-starter-alibaba-nacos-discovery\2.1.0.RELEASE\spring-cloud-starter-alibaba-nacos-discovery-2.1.0.RELEASE.jar;C:\Users\Ken\.m2\repository\com\alibaba\cloud\spring-cloud-alibaba-nacos-discovery\2.1.0.RELEASE\spring-cloud-alibaba-nacos-discovery-2.1.0.RELEASE.jar;C:\Users\Ken\.m2\repository\com\alibaba\nacos\nacos-client\1.1.1\nacos-client-1.1.1.jar;C:\Users\Ken\.m2\repository\com\alibaba\nacos\nacos-common\1.1.1\nacos-common-1.1.1.jar;C:\Users\Ken\.m2\repository\org\apache\commons\commons-lang3\3.9\commons-lang3-3.9.jar;C:\Users\Ken\.m2\repository\com\alibaba\nacos\nacos-api\1.1.1\nacos-api-1.1.1.jar;C:\Users\Ken\.m2\repository\io\prometheus\simpleclient\0.5.0\simpleclient-0.5.0.jar;C:\Users\Ken\.m2\repository\org\springframework\cloud\spring-cloud-starter-netflix-ribbon\2.1.3.RELEASE\spring-cloud-starter-netflix-ribbon-2.1.3.RELEASE.jar;C:\Users\Ken\.m2\repository\org\springframework\cloud\spring-cloud-starter-netflix-archaius\2.1.3.RELEASE\spring-cloud-starter-netflix-archaius-2.1.3.RELEASE.jar;C:\Users\Ken\.m2\repository\com\netflix\ribbon\ribbon\2.3.0\ribbon-2.3.0.jar;C:\Users\Ken\.m2\repository\com\netflix\ribbon\ribbon-transport\2.3.0\ribbon-transport-2.3.0.jar;C:\Users\Ken\.m2\repository\io\reactivex\rxnetty-contexts\0.4.9\rxnetty-contexts-0.4.9.jar;C:\Users\Ken\.m2\repository\io\reactivex\rxnetty-servo\0.4.9\rxnetty-servo-0.4.9.jar;C:\Users\Ken\.m2\repository\javax\inject\javax.inject\1\javax.inject-1.jar;C:\Users\Ken\.m2\repository\io\reactivex\rxnetty\0.4.9\rxnetty-0.4.9.jar;C:\Users\Ken\.m2\repository\com\netflix\ribbon\ribbon-core\2.3.0\ribbon-core-2.3.0.jar;C:\Users\Ken\.m2\repository\com\netflix\ribbon\ribbon-httpclient\2.3.0\ribbon-httpclient-2.3.0.jar;C:\Users\Ken\.m2\repository\commons-collections\commons-collections\3.2.2\commons-collections-3.2.2.jar;C:\Users\Ken\.m2\repository\com\sun\jersey\jersey-client\1.19.1\jersey-client-1.19.1.jar;C:\Users\Ken\.m2\repository\com\sun\jersey\jersey-core\1.19.1\jersey-core-1.19.1.jar;C:\Users\Ken\.m2\repository\javax\ws\rs\jsr311-api\1.1.1\jsr311-api-1.1.1.jar;C:\Users\Ken\.m2\repository\com\sun\jersey\contribs\jersey-apache-client4\1.19.1\jersey-apache-client4-1.19.1.jar;C:\Users\Ken\.m2\repository\com\netflix\servo\servo-core\0.12.21\servo-core-0.12.21.jar;C:\Users\Ken\.m2\repository\com\netflix\netflix-commons\netflix-commons-util\0.3.0\netflix-commons-util-0.3.0.jar;C:\Users\Ken\.m2\repository\com\netflix\ribbon\ribbon-loadbalancer\2.3.0\ribbon-loadbalancer-2.3.0.jar;C:\Users\Ken\.m2\repository\com\netflix\netflix-commons\netflix-statistics\0.1.1\netflix-statistics-0.1.1.jar;C:\Users\Ken\.m2\repository\com\alibaba\cloud\spring-cloud-starter-alibaba-nacos-config\2.1.0.RELEASE\spring-cloud-starter-alibaba-nacos-config-2.1.0.RELEASE.jar;C:\Users\Ken\.m2\repository\com\alibaba\cloud\spring-cloud-alibaba-nacos-config\2.1.0.RELEASE\spring-cloud-alibaba-nacos-config-2.1.0.RELEASE.jar;C:\Users\Ken\.m2\repository\javax\validation\validation-api\2.0.1.Final\validation-api-2.0.1.Final.jar;C:\Users\Ken\.m2\repository\com\alibaba\fastjson\1.2.15\fastjson-1.2.15.jar;C:\Users\Ken\.m2\repository\org\apache\httpcomponents\httpclient\4.5.10\httpclient-4.5.10.jar;C:\Users\Ken\.m2\repository\commons-codec\commons-codec\1.13\commons-codec-1.13.jar;C:\Users\Ken\.m2\repository\org\eclipse\jetty\jetty-util\9.4.22.v20191022\jetty-util-9.4.22.v20191022.jar;C:\Users\Ken\.m2\repository\org\springframework\boot\spring-boot-starter-web\2.2.1.RELEASE\spring-boot-starter-web-2.2.1.RELEASE.jar;C:\Users\Ken\.m2\repository\org\springframework\boot\spring-boot-starter\2.2.1.RELEASE\spring-boot-starter-2.2.1.RELEASE.jar;C:\Users\Ken\.m2\repository\org\springframework\boot\spring-boot\2.2.1.RELEASE\spring-boot-2.2.1.RELEASE.jar;C:\Users\Ken\.m2\repository\org\springframework\boot\spring-boot-autoconfigure\2.2.1.RELEASE\spring-boot-autoconfigure-2.2.1.RELEASE.jar;C:\Users\Ken\.m2\repository\org\springframework\boot\spring-boot-starter-logging\2.2.1.RELEASE\spring-boot-starter-logging-2.2.1.RELEASE.jar;C:\Users\Ken\.m2\repository\ch\qos\logback\logback-classic\1.2.3\logback-classic-1.2.3.jar;C:\Users\Ken\.m2\repository\ch\qos\logback\logback-core\1.2.3\logback-core-1.2.3.jar;C:\Users\Ken\.m2\repository\org\apache\logging\log4j\log4j-to-slf4j\2.12.1\log4j-to-slf4j-2.12.1.jar;C:\Users\Ken\.m2\repository\org\apache\logging\log4j\log4j-api\2.12.1\log4j-api-2.12.1.jar;C:\Users\Ken\.m2\repository\org\slf4j\jul-to-slf4j\1.7.29\jul-to-slf4j-1.7.29.jar;C:\Users\Ken\.m2\repository\jakarta\annotation\jakarta.annotation-api\1.3.5\jakarta.annotation-api-1.3.5.jar;C:\Users\Ken\.m2\repository\org\yaml\snakeyaml\1.25\snakeyaml-1.25.jar;C:\Users\Ken\.m2\repository\org\springframework\boot\spring-boot-starter-json\2.2.1.RELEASE\spring-boot-starter-json-2.2.1.RELEASE.jar;C:\Users\Ken\.m2\repository\com\fasterxml\jackson\core\jackson-databind\2.10.0\jackson-databind-2.10.0.jar;C:\Users\Ken\.m2\repository\com\fasterxml\jackson\core\jackson-annotations\2.10.0\jackson-annotations-2.10.0.jar;C:\Users\Ken\.m2\repository\com\fasterxml\jackson\core\jackson-core\2.10.0\jackson-core-2.10.0.jar;C:\Users\Ken\.m2\repository\com\fasterxml\jackson\datatype\jackson-datatype-jdk8\2.10.0\jackson-datatype-jdk8-2.10.0.jar;C:\Users\Ken\.m2\repository\com\fasterxml\jackson\datatype\jackson-datatype-jsr310\2.10.0\jackson-datatype-jsr310-2.10.0.jar;C:\Users\Ken\.m2\repository\com\fasterxml\jackson\module\jackson-module-parameter-names\2.10.0\jackson-module-parameter-names-2.10.0.jar;C:\Users\Ken\.m2\repository\org\springframework\boot\spring-boot-starter-tomcat\2.2.1.RELEASE\spring-boot-starter-tomcat-2.2.1.RELEASE.jar;C:\Users\Ken\.m2\repository\org\apache\tomcat\embed\tomcat-embed-core\9.0.27\tomcat-embed-core-9.0.27.jar;C:\Users\Ken\.m2\repository\org\apache\tomcat\embed\tomcat-embed-el\9.0.27\tomcat-embed-el-9.0.27.jar;C:\Users\Ken\.m2\repository\org\apache\tomcat\embed\tomcat-embed-websocket\9.0.27\tomcat-embed-websocket-9.0.27.jar;C:\Users\Ken\.m2\repository\org\springframework\boot\spring-boot-starter-validation\2.2.1.RELEASE\spring-boot-starter-validation-2.2.1.RELEASE.jar;C:\Users\Ken\.m2\repository\jakarta\validation\jakarta.validation-api\2.0.1\jakarta.validation-api-2.0.1.jar;C:\Users\Ken\.m2\repository\org\hibernate\validator\hibernate-validator\6.0.18.Final\hibernate-validator-6.0.18.Final.jar;C:\Users\Ken\.m2\repository\org\jboss\logging\jboss-logging\3.4.1.Final\jboss-logging-3.4.1.Final.jar;C:\Users\Ken\.m2\repository\com\fasterxml\classmate\1.5.1\classmate-1.5.1.jar;C:\Users\Ken\.m2\repository\org\springframework\spring-web\5.2.1.RELEASE\spring-web-5.2.1.RELEASE.jar;C:\Users\Ken\.m2\repository\org\springframework\spring-beans\5.2.1.RELEASE\spring-beans-5.2.1.RELEASE.jar;C:\Users\Ken\.m2\repository\org\springframework\spring-webmvc\5.2.1.RELEASE\spring-webmvc-5.2.1.RELEASE.jar;C:\Users\Ken\.m2\repository\org\springframework\spring-aop\5.2.1.RELEASE\spring-aop-5.2.1.RELEASE.jar;C:\Users\Ken\.m2\repository\org\springframework\spring-context\5.2.1.RELEASE\spring-context-5.2.1.RELEASE.jar;C:\Users\Ken\.m2\repository\org\springframework\spring-expression\5.2.1.RELEASE\spring-expression-5.2.1.RELEASE.jar;C:\Users\Ken\.m2\repository\org\springframework\cloud\spring-cloud-starter-openfeign\2.1.3.RELEASE\spring-cloud-starter-openfeign-2.1.3.RELEASE.jar;C:\Users\Ken\.m2\repository\org\springframework\cloud\spring-cloud-starter\2.1.3.RELEASE\spring-cloud-starter-2.1.3.RELEASE.jar;C:\Users\Ken\.m2\repository\org\springframework\cloud\spring-cloud-context\2.1.3.RELEASE\spring-cloud-context-2.1.3.RELEASE.jar;C:\Users\Ken\.m2\repository\org\springframework\security\spring-security-rsa\1.0.7.RELEASE\spring-security-rsa-1.0.7.RELEASE.jar;C:\Users\Ken\.m2\repository\org\bouncycastle\bcpkix-jdk15on\1.60\bcpkix-jdk15on-1.60.jar;C:\Users\Ken\.m2\repository\org\springframework\cloud\spring-cloud-openfeign-core\2.1.3.RELEASE\spring-cloud-openfeign-core-2.1.3.RELEASE.jar;C:\Users\Ken\.m2\repository\org\springframework\cloud\spring-cloud-netflix-ribbon\2.1.3.RELEASE\spring-cloud-netflix-ribbon-2.1.3.RELEASE.jar;C:\Users\Ken\.m2\repository\org\springframework\cloud\spring-cloud-netflix-archaius\2.1.3.RELEASE\spring-cloud-netflix-archaius-2.1.3.RELEASE.jar;C:\Users\Ken\.m2\repository\org\springframework\boot\spring-boot-starter-aop\2.2.1.RELEASE\spring-boot-starter-aop-2.2.1.RELEASE.jar;C:\Users\Ken\.m2\repository\org\aspectj\aspectjweaver\1.9.4\aspectjweaver-1.9.4.jar;C:\Users\Ken\.m2\repository\io\github\openfeign\form\feign-form-spring\3.8.0\feign-form-spring-3.8.0.jar;C:\Users\Ken\.m2\repository\io\github\openfeign\form\feign-form\3.8.0\feign-form-3.8.0.jar;C:\Users\Ken\.m2\repository\commons-fileupload\commons-fileupload\1.4\commons-fileupload-1.4.jar;C:\Users\Ken\.m2\repository\commons-io\commons-io\2.2\commons-io-2.2.jar;C:\Users\Ken\.m2\repository\org\springframework\cloud\spring-cloud-commons\2.1.3.RELEASE\spring-cloud-commons-2.1.3.RELEASE.jar;C:\Users\Ken\.m2\repository\org\springframework\security\spring-security-crypto\5.2.1.RELEASE\spring-security-crypto-5.2.1.RELEASE.jar;C:\Users\Ken\.m2\repository\io\github\openfeign\feign-core\10.2.3\feign-core-10.2.3.jar;C:\Users\Ken\.m2\repository\io\github\openfeign\feign-slf4j\10.2.3\feign-slf4j-10.2.3.jar;C:\Users\Ken\.m2\repository\io\github\openfeign\feign-hystrix\10.2.3\feign-hystrix-10.2.3.jar;C:\Users\Ken\.m2\repository\com\netflix\archaius\archaius-core\0.7.6\archaius-core-0.7.6.jar;C:\Users\Ken\.m2\repository\com\google\code\findbugs\jsr305\3.0.1\jsr305-3.0.1.jar;C:\Users\Ken\.m2\repository\commons-configuration\commons-configuration\1.8\commons-configuration-1.8.jar;C:\Users\Ken\.m2\repository\com\google\guava\guava\16.0\guava-16.0.jar;C:\Users\Ken\.m2\repository\com\netflix\hystrix\hystrix-core\1.5.18\hystrix-core-1.5.18.jar;C:\Users\Ken\.m2\repository\io\reactivex\rxjava\1.3.8\rxjava-1.3.8.jar;C:\Users\Ken\.m2\repository\org\hdrhistogram\HdrHistogram\2.1.9\HdrHistogram-2.1.9.jar;C:\Users\Ken\.m2\repository\com\alibaba\cloud\aliyun-oss-spring-boot-starter\1.0.0\aliyun-oss-spring-boot-starter-1.0.0.jar;C:\Users\Ken\.m2\repository\com\alibaba\cloud\aliyun-context-spring-boot-starter\1.0.0\aliyun-context-spring-boot-starter-1.0.0.jar;C:\Users\Ken\.m2\repository\com\alibaba\cloud\alicloud-context\1.0.5\alicloud-context-1.0.5.jar;C:\Users\Ken\.m2\repository\com\aliyun\aliyun-java-sdk-edas\2.44.0\aliyun-java-sdk-edas-2.44.0.jar;C:\Users\Ken\.m2\repository\com\aliyun\aliyun-java-sdk-core\4.4.5\aliyun-java-sdk-core-4.4.5.jar;C:\Users\Ken\.m2\repository\com\google\code\gson\gson\2.8.6\gson-2.8.6.jar;C:\Users\Ken\.m2\repository\commons-logging\commons-logging\1.2\commons-logging-1.2.jar;C:\Users\Ken\.m2\repository\javax\xml\bind\jaxb-api\2.3.1\jaxb-api-2.3.1.jar;C:\Users\Ken\.m2\repository\javax\activation\javax.activation-api\1.2.0\javax.activation-api-1.2.0.jar;C:\Users\Ken\.m2\repository\org\jacoco\org.jacoco.agent\0.8.3\org.jacoco.agent-0.8.3-runtime.jar;C:\Users\Ken\.m2\repository\org\ini4j\ini4j\0.5.4\ini4j-0.5.4.jar;C:\Users\Ken\.m2\repository\org\slf4j\slf4j-api\1.7.29\slf4j-api-1.7.29.jar;C:\Users\Ken\.m2\repository\org\springframework\boot\spring-boot-starter-test\2.2.1.RELEASE\spring-boot-starter-test-2.2.1.RELEASE.jar;C:\Users\Ken\.m2\repository\org\springframework\boot\spring-boot-test\2.2.1.RELEASE\spring-boot-test-2.2.1.RELEASE.jar;C:\Users\Ken\.m2\repository\org\springframework\boot\spring-boot-test-autoconfigure\2.2.1.RELEASE\spring-boot-test-autoconfigure-2.2.1.RELEASE.jar;C:\Users\Ken\.m2\repository\com\jayway\jsonpath\json-path\2.4.0\json-path-2.4.0.jar;C:\Users\Ken\.m2\repository\net\minidev\json-smart\2.3\json-smart-2.3.jar;C:\Users\Ken\.m2\repository\net\minidev\accessors-smart\1.2\accessors-smart-1.2.jar;C:\Users\Ken\.m2\repository\org\ow2\asm\asm\5.0.4\asm-5.0.4.jar;C:\Users\Ken\.m2\repository\jakarta\xml\bind\jakarta.xml.bind-api\2.3.2\jakarta.xml.bind-api-2.3.2.jar;C:\Users\Ken\.m2\repository\jakarta\activation\jakarta.activation-api\1.2.1\jakarta.activation-api-1.2.1.jar;C:\Users\Ken\.m2\repository\org\junit\jupiter\junit-jupiter\5.5.2\junit-jupiter-5.5.2.jar;C:\Users\Ken\.m2\repository\org\junit\jupiter\junit-jupiter-api\5.5.2\junit-jupiter-api-5.5.2.jar;C:\Users\Ken\.m2\repository\org\opentest4j\opentest4j\1.2.0\opentest4j-1.2.0.jar;C:\Users\Ken\.m2\repository\org\junit\platform\junit-platform-commons\1.5.2\junit-platform-commons-1.5.2.jar;C:\Users\Ken\.m2\repository\org\junit\jupiter\junit-jupiter-params\5.5.2\junit-jupiter-params-5.5.2.jar;C:\Users\Ken\.m2\repository\org\junit\jupiter\junit-jupiter-engine\5.5.2\junit-jupiter-engine-5.5.2.jar;C:\Users\Ken\.m2\repository\org\junit\vintage\junit-vintage-engine\5.5.2\junit-vintage-engine-5.5.2.jar;C:\Users\Ken\.m2\repository\org\apiguardian\apiguardian-api\1.1.0\apiguardian-api-1.1.0.jar;C:\Users\Ken\.m2\repository\org\junit\platform\junit-platform-engine\1.5.2\junit-platform-engine-1.5.2.jar;C:\Users\Ken\.m2\repository\junit\junit\4.12\junit-4.12.jar;C:\Users\Ken\.m2\repository\org\mockito\mockito-junit-jupiter\3.1.0\mockito-junit-jupiter-3.1.0.jar;C:\Users\Ken\.m2\repository\org\assertj\assertj-core\3.13.2\assertj-core-3.13.2.jar;C:\Users\Ken\.m2\repository\org\hamcrest\hamcrest\2.1\hamcrest-2.1.jar;C:\Users\Ken\.m2\repository\org\mockito\mockito-core\3.1.0\mockito-core-3.1.0.jar;C:\Users\Ken\.m2\repository\net\bytebuddy\byte-buddy\1.10.2\byte-buddy-1.10.2.jar;C:\Users\Ken\.m2\repository\net\bytebuddy\byte-buddy-agent\1.10.2\byte-buddy-agent-1.10.2.jar;C:\Users\Ken\.m2\repository\org\objenesis\objenesis\2.6\objenesis-2.6.jar;C:\Users\Ken\.m2\repository\org\skyscreamer\jsonassert\1.5.0\jsonassert-1.5.0.jar;C:\Users\Ken\.m2\repository\com\vaadin\external\google\android-json\0.0.20131108.vaadin1\android-json-0.0.20131108.vaadin1.jar;C:\Users\Ken\.m2\repository\org\springframework\spring-core\5.2.1.RELEASE\spring-core-5.2.1.RELEASE.jar;C:\Users\Ken\.m2\repository\org\springframework\spring-jcl\5.2.1.RELEASE\spring-jcl-5.2.1.RELEASE.jar;C:\Users\Ken\.m2\repository\org\springframework\spring-test\5.2.1.RELEASE\spring-test-5.2.1.RELEASE.jar;C:\Users\Ken\.m2\repository\org\xmlunit\xmlunit-core\2.6.3\xmlunit-core-2.6.3.jar;C:\Users\Ken\.m2\repository\com\aliyun\oss\aliyun-sdk-oss\3.5.0\aliyun-sdk-oss-3.5.0.jar;C:\Users\Ken\.m2\repository\org\codehaus\jettison\jettison\1.1\jettison-1.1.jar;C:\Users\Ken\.m2\repository\stax\stax-api\1.0.1\stax-api-1.0.1.jar;C:\Users\Ken\.m2\repository\com\aliyun\aliyun-java-sdk-ram\3.0.0\aliyun-java-sdk-ram-3.0.0.jar;C:\Users\Ken\.m2\repository\com\aliyun\aliyun-java-sdk-sts\3.0.0\aliyun-java-sdk-sts-3.0.0.jar;C:\Users\Ken\.m2\repository\com\aliyun\aliyun-java-sdk-ecs\4.2.0\aliyun-java-sdk-ecs-4.2.0.jar;C:\Users\Ken\.m2\repository\org\jdom\jdom\1.1\jdom-1.1.jar;C:\Users\Ken\.m2\repository\org\springframework\boot\spring-boot-configuration-processor\2.2.1.RELEASE\spring-boot-configuration-processor-2.2.1.RELEASE.jar;C:\Users\Ken\.m2\repository\com\alipay\sdk\alipay-sdk-java\4.9.28.ALL\alipay-sdk-java-4.9.28.ALL.jar;C:\Users\Ken\.m2\repository\org\bouncycastle\bcprov-jdk15on\1.62\bcprov-jdk15on-1.62.jar;"/>
    <property name="sun.cpu.endian" value="little"/>
    <property name="user.home" value="C:\Users\Ken"/>
    <property name="user.language" value="en"/>
    <property name="java.specification.vendor" value="Oracle Corporation"/>
    <property name="java.home" value="C:\Program Files\Java\jdk1.8.0_281\jre"/>
    <property name="basedir" value="C:\Users\Ken\Desktop\git2\gulimall\gulimall-third-party"/>
    <property name="file.separator" value="\"/>
    <property name="line.separator" value="&#10;"/>
    <property name="java.vm.specification.vendor" value="Oracle Corporation"/>
    <property name="java.specification.name" value="Java Platform API Specification"/>
    <property name="java.awt.graphicsenv" value="sun.awt.Win32GraphicsEnvironment"/>
    <property name="surefire.real.class.path" value="C:\Users\Ken\AppData\Local\Temp\surefire8987642108409729058\surefirebooter2342253393356016849.jar"/>
    <property name="sun.boot.class.path" value="C:\Program Files\Java\jdk1.8.0_281\jre\lib\resources.jar;C:\Program Files\Java\jdk1.8.0_281\jre\lib\rt.jar;C:\Program Files\Java\jdk1.8.0_281\jre\lib\sunrsasign.jar;C:\Program Files\Java\jdk1.8.0_281\jre\lib\jsse.jar;C:\Program Files\Java\jdk1.8.0_281\jre\lib\jce.jar;C:\Program Files\Java\jdk1.8.0_281\jre\lib\charsets.jar;C:\Program Files\Java\jdk1.8.0_281\jre\lib\jfr.jar;C:\Program Files\Java\jdk1.8.0_281\jre\classes"/>
    <property name="user.script" value=""/>
    <property name="sun.management.compiler" value="HotSpot 64-Bit Tiered Compilers"/>
    <property name="java.runtime.version" value="1.8.0_281-b09"/>
    <property name="user.name" value="Ken"/>
    <property name="path.separator" value=";"/>
    <property name="os.version" value="10.0"/>
    <property name="java.endorsed.dirs" value="C:\Program Files\Java\jdk1.8.0_281\jre\lib\endorsed"/>
    <property name="java.runtime.name" value="Java(TM) SE Runtime Environment"/>
    <property name="file.encoding" value="GBK"/>
    <property name="java.vm.name" value="Java HotSpot(TM) 64-Bit Server VM"/>
    <property name="localRepository" value="C:\Users\Ken\.m2\repository"/>
    <property name="java.vendor.url.bug" value="http://bugreport.sun.com/bugreport/"/>
    <property name="java.io.tmpdir" value="C:\Users\Ken\AppData\Local\Temp\"/>
    <property name="idea.version" value="2022.1.2"/>
    <property name="java.version" value="1.8.0_281"/>
    <property name="user.dir" value="C:\Users\Ken\Desktop\git2\gulimall\gulimall-third-party"/>
    <property name="os.arch" value="amd64"/>
    <property name="java.vm.specification.name" value="Java Virtual Machine Specification"/>
    <property name="java.awt.printerjob" value="sun.awt.windows.WPrinterJob"/>
    <property name="sun.os.patch.level" value=""/>
    <property name="java.library.path" value="C:\Program Files\Java\jdk1.8.0_281\jre\bin;C:\Windows\Sun\Java\bin;C:\Windows\system32;C:\Windows;C:\Program Files\Common Files\Oracle\Java\javapath;C:\Program Files\Amazon Corretto\jdk11.0.11_9\bin;C:\Program Files (x86)\Common Files\Oracle\Java\javapath;C:\Windows\system32;C:\Windows;C:\Windows\System32\Wbem;C:\Windows\System32\WindowsPowerShell\v1.0\;C:\Windows\System32\OpenSSH\;C:\Program Files\Git\cmd;C:\HashiCorp\Vagrant\bin;C:\Program Files\Java\jdk1.8.0_281\bin;C:\Program Files\nodejs\;C:\Program Files\PuTTY\;C:\MinGW\bin;C:\Users\Ken\.windows-build-tools\python27\;C:\Program Files\nodejs\node_modules\npm\node_modules\npm-lifecycle\node-gyp-bin;C:\Users\Ken\AppData\Roaming\npm\node_modules\windows-build-tools\node_modules\.bin;C:\Users\Ken\AppData\Roaming\npm\node_modules\.bin;C:\Program Files (x86)\Common Files\Oracle\Java\javapath;C:\Windows\system32;C:\Windows;C:\Windows\System32\Wbem;C:\Windows\System32\WindowsPowerShell\v1.0\;C:\Windows\System32\OpenSSH\;C:\Program Files\Git\cmd;C:\HashiCorp\Vagrant\bin;C:\Program Files\Java\jdk1.8.0_281\bin;C:\Program Files\nodejs\;C:\Users\Ken\AppData\Local\Programs\Python\Python39\Scripts\;C:\Users\Ken\AppData\Local\Programs\Python\Python39\;C:\Users\Ken\AppData\Local\Microsoft\WindowsApps;C:\Users\Ken\AppData\Local\Programs\Microsoft VS Code\bin;C:\Program Files\Java\apache-maven-3.6.3\bin;C:\Program Files\JetBrains\IntelliJ IDEA 2019.3.5\bin;C:\Users\Ken\AppData\Roaming\npm;C:\Program Files\MySQL\MySQL Server 8.0\bin;C:\Users\Ken\AppData\Local\Programs\MiKTeX\miktex\bin\x64\;C:\Program Files (x86)\Nmap;C:\Program Files\JetBrains\IntelliJ IDEA 2022.1.2\bin;;."/>
    <property name="java.vm.info" value="mixed mode"/>
    <property name="java.vendor" value="Oracle Corporation"/>
    <property name="java.vm.version" value="25.281-b09"/>
    <property name="java.ext.dirs" value="C:\Program Files\Java\jdk1.8.0_281\jre\lib\ext;C:\Windows\Sun\Java\lib\ext"/>
    <property name="sun.io.unicode.encoding" value="UnicodeLittle"/>
    <property name="java.class.version" value="52.0"/>
  </properties>
  <testcase name="sendSmsCode" classname="com.atguigu.gulimall.thirdparty.GulimallThirdPartyApplicationTests" time="0.258"/>
  <testcase name="sendSms" classname="com.atguigu.gulimall.thirdparty.GulimallThirdPartyApplicationTests" time="1.753"/>
</testsuite>